Starting >>> agnocast_e2e_test
Finished <<< agnocast_e2e_test [1.39s]

Summary: 1 package finished [1.64s]
====================== 1 / 128 ======================
----------------------------------------------
launch_pub_before_sub: true
pub_qos_depth: 1
pub_transient_local: true
sub_qos_depth: 1
sub_transient_local: true
use_take_sub: true
----------------------------------------------
usage: launch_test [-h] [--package-name PACKAGE_NAME] [-v] [-s]
                   [--junit-xml XMLPATH]
                   launch_test_file [launch_arguments ...]
launch_test: error: 'use_agnocast_pub'
Test failed.
====================== 2 / 128 ======================
----------------------------------------------
launch_pub_before_sub: true
pub_qos_depth: 1
pub_transient_local: true
sub_qos_depth: 1
sub_transient_local: true
use_take_sub: false
----------------------------------------------
usage: launch_test [-h] [--package-name PACKAGE_NAME] [-v] [-s]
                   [--junit-xml XMLPATH]
                   launch_test_file [launch_arguments ...]
launch_test: error: 'use_agnocast_pub'
Test failed.
====================== 3 / 128 ======================
----------------------------------------------
launch_pub_before_sub: true
pub_qos_depth: 1
pub_transient_local: true
sub_qos_depth: 1
sub_transient_local: false
use_take_sub: true
----------------------------------------------
usage: launch_test [-h] [--package-name PACKAGE_NAME] [-v] [-s]
                   [--junit-xml XMLPATH]
                   launch_test_file [launch_arguments ...]
launch_test: error: 'use_agnocast_pub'
Test failed.
====================== 4 / 128 ======================
----------------------------------------------
launch_pub_before_sub: true
pub_qos_depth: 1
pub_transient_local: true
sub_qos_depth: 1
sub_transient_local: false
use_take_sub: false
----------------------------------------------
usage: launch_test [-h] [--package-name PACKAGE_NAME] [-v] [-s]
                   [--junit-xml XMLPATH]
                   launch_test_file [launch_arguments ...]
launch_test: error: 'use_agnocast_pub'
Test failed.
====================== 5 / 128 ======================
----------------------------------------------
launch_pub_before_sub: true
pub_qos_depth: 1
pub_transient_local: true
sub_qos_depth: 10
sub_transient_local: true
use_take_sub: true
----------------------------------------------
usage: launch_test [-h] [--package-name PACKAGE_NAME] [-v] [-s]
                   [--junit-xml XMLPATH]
                   launch_test_file [launch_arguments ...]
launch_test: error: 'use_agnocast_pub'
Test failed.
